<?xml version="1.0" encoding="UTF-8"?>
<testsuite name="com.ypmai.blog.BlogApplicationTests" tests="1" skipped="0" failures="0" errors="0" timestamp="2018-12-24T13:13:21" hostname="MY" time="0.33">
  <properties/>
  <testcase name="contextLoads" classname="com.ypmai.blog.BlogApplicationTests" time="0.33"/>
  <system-out><![CDATA[21:13:18.046 [Test worker] DEBUG org.springframework.test.context.junit4.SpringJUnit4ClassRunner - SpringJUnit4ClassRunner constructor called with [class com.ypmai.blog.BlogApplicationTests]
21:13:18.061 [Test worker] DEBUG org.springframework.test.context.BootstrapUtils - Instantiating CacheAwareContextLoaderDelegate from class [org.springframework.test.context.cache.DefaultCacheAwareContextLoaderDelegate]
21:13:18.077 [Test worker] DEBUG org.springframework.test.context.BootstrapUtils - Instantiating BootstrapContext using constructor [public org.springframework.test.context.support.DefaultBootstrapContext(java.lang.Class,org.springframework.test.context.CacheAwareContextLoaderDelegate)]
21:13:18.093 [Test worker] DEBUG org.springframework.test.context.BootstrapUtils - Instantiating TestContextBootstrapper for test class [com.ypmai.blog.BlogApplicationTests] from class [org.springframework.boot.test.context.SpringBootTestContextBootstrapper]
21:13:18.124 [Test worker] INFO org.springframework.boot.test.context.SpringBootTestContextBootstrapper - Neither @ContextConfiguration nor @ContextHierarchy found for test class [com.ypmai.blog.BlogApplicationTests], using SpringBootContextLoader
21:13:18.139 [Test worker] DEBUG org.springframework.test.context.support.AbstractContextLoader - Did not detect default resource location for test class [com.ypmai.blog.BlogApplicationTests]: class path resource [com/ypmai/blog/BlogApplicationTests-context.xml] does not exist
21:13:18.139 [Test worker] DEBUG org.springframework.test.context.support.AbstractContextLoader - Did not detect default resource location for test class [com.ypmai.blog.BlogApplicationTests]: class path resource [com/ypmai/blog/BlogApplicationTestsContext.groovy] does not exist
21:13:18.139 [Test worker] INFO org.springframework.test.context.support.AbstractContextLoader - Could not detect default resource locations for test class [com.ypmai.blog.BlogApplicationTests]: no resource found for suffixes {-context.xml, Context.groovy}.
21:13:18.139 [Test worker] INFO org.springframework.test.context.support.AnnotationConfigContextLoaderUtils - Could not detect default configuration classes for test class [com.ypmai.blog.BlogApplicationTests]: BlogApplicationTests does not declare any static, non-private, non-final, nested classes annotated with @Configuration.
21:13:18.186 [Test worker] DEBUG org.springframework.test.context.support.ActiveProfilesUtils - Could not find an 'annotation declaring class' for annotation type [org.springframework.test.context.ActiveProfiles] and class [com.ypmai.blog.BlogApplicationTests]
21:13:18.280 [Test worker] DEBUG org.springframework.context.annotation.ClassPathScanningCandidateComponentProvider - Identified candidate component class: file [F:\Projects\IdeaProjects\blog\build\classes\java\main\com\ypmai\blog\BlogApplication.class]
21:13:18.296 [Test worker] INFO org.springframework.boot.test.context.SpringBootTestContextBootstrapper - Found @SpringBootConfiguration com.ypmai.blog.BlogApplication for test class com.ypmai.blog.BlogApplicationTests
21:13:18.405 [Test worker] DEBUG org.springframework.boot.test.context.SpringBootTestContextBootstrapper - @TestExecutionListeners is not present for class [com.ypmai.blog.BlogApplicationTests]: using defaults.
21:13:18.405 [Test worker] INFO org.springframework.boot.test.context.SpringBootTestContextBootstrapper - Loaded default TestExecutionListener class names from location [META-INF/spring.factories]: [org.springframework.boot.test.autoconfigure.restdocs.RestDocsTestExecutionListener, org.springframework.boot.test.autoconfigure.web.client.MockRestServiceServerResetTestExecutionListener, org.springframework.boot.test.autoconfigure.web.servlet.MockMvcPrintOnlyOnFailureTestExecutionListener, org.springframework.boot.test.autoconfigure.web.servlet.WebDriverTestExecutionListener, org.springframework.boot.test.mock.mockito.MockitoTestExecutionListener, org.springframework.boot.test.mock.mockito.ResetMocksTestExecutionListener, org.springframework.test.context.web.ServletTestExecutionListener, org.springframework.test.context.support.DirtiesContextBeforeModesTestExecutionListener, org.springframework.test.context.support.DependencyInjectionTestExecutionListener, org.springframework.test.context.support.DirtiesContextTestExecutionListener, org.springframework.test.context.transaction.TransactionalTestExecutionListener, org.springframework.test.context.jdbc.SqlScriptsTestExecutionListener]
21:13:18.421 [Test worker] DEBUG org.springframework.boot.test.context.SpringBootTestContextBootstrapper - Skipping candidate TestExecutionListener [org.springframework.test.context.transaction.TransactionalTestExecutionListener] due to a missing dependency. Specify custom listener classes or make the default listener classes and their required dependencies available. Offending class: [org/springframework/transaction/interceptor/TransactionAttributeSource]
21:13:18.421 [Test worker] DEBUG org.springframework.boot.test.context.SpringBootTestContextBootstrapper - Skipping candidate TestExecutionListener [org.springframework.test.context.jdbc.SqlScriptsTestExecutionListener] due to a missing dependency. Specify custom listener classes or make the default listener classes and their required dependencies available. Offending class: [org/springframework/transaction/interceptor/TransactionAttribute]
21:13:18.421 [Test worker] INFO org.springframework.boot.test.context.SpringBootTestContextBootstrapper - Using TestExecutionListeners: [org.springframework.test.context.web.ServletTestExecutionListener@74069fd0, org.springframework.test.context.support.DirtiesContextBeforeModesTestExecutionListener@378a1976, org.springframework.boot.test.mock.mockito.MockitoTestExecutionListener@3667e3cc, org.springframework.boot.test.autoconfigure.SpringBootDependencyInjectionTestExecutionListener@7adec08e, org.springframework.test.context.support.DirtiesContextTestExecutionListener@3a66381a, org.springframework.boot.test.autoconfigure.restdocs.RestDocsTestExecutionListener@5d40c789, org.springframework.boot.test.autoconfigure.web.client.MockRestServiceServerResetTestExecutionListener@54b0266e, org.springframework.boot.test.autoconfigure.web.servlet.MockMvcPrintOnlyOnFailureTestExecutionListener@586646c6, org.springframework.boot.test.autoconfigure.web.servlet.WebDriverTestExecutionListener@534b0338, org.springframework.boot.test.mock.mockito.ResetMocksTestExecutionListener@8ecea57]
21:13:18.436 [Test worker] DEBUG org.springframework.test.annotation.ProfileValueUtils - Retrieved @ProfileValueSourceConfiguration [null] for test class [com.ypmai.blog.BlogApplicationTests]
21:13:18.436 [Test worker] DEBUG org.springframework.test.annotation.ProfileValueUtils - Retrieved ProfileValueSource type [class org.springframework.test.annotation.SystemProfileValueSource] for class [com.ypmai.blog.BlogApplicationTests]
21:13:18.436 [Test worker] DEBUG org.springframework.test.annotation.ProfileValueUtils - Retrieved @ProfileValueSourceConfiguration [null] for test class [com.ypmai.blog.BlogApplicationTests]
21:13:18.436 [Test worker] DEBUG org.springframework.test.annotation.ProfileValueUtils - Retrieved ProfileValueSource type [class org.springframework.test.annotation.SystemProfileValueSource] for class [com.ypmai.blog.BlogApplicationTests]
21:13:18.436 [Test worker] DEBUG org.springframework.test.context.support.AbstractDirtiesContextTestExecutionListener - Before test class: context [DefaultTestContext@40327dd testClass = BlogApplicationTests, testInstance = [null], testMethod = [null], testException = [null], mergedContextConfiguration = [WebMergedContextConfiguration@613a0e06 testClass = BlogApplicationTests, locations = '{}', classes = '{class com.ypmai.blog.BlogApplication}', contextInitializerClasses = '[]', activeProfiles = '{}', propertySourceLocations = '{}', propertySourceProperties = '{org.springframework.boot.test.context.SpringBootTestContextBootstrapper=true}', contextCustomizers = set[org.springframework.boot.test.autoconfigure.properties.PropertyMappingContextCustomizer@0, org.springframework.boot.test.autoconfigure.web.servlet.WebDriverContextCustomizerFactory$Customizer@76ab0bc8, org.springframework.boot.test.context.filter.ExcludeFilterContextCustomizer@4a6718de, org.springframework.boot.test.json.DuplicateJsonObjectContextCustomizerFactory$DuplicateJsonObjectContextCustomizer@e47a225, org.springframework.boot.test.mock.mockito.MockitoContextCustomizer@0, org.springframework.boot.test.web.client.TestRestTemplateContextCustomizer@1014f412], resourceBasePath = 'src/main/webapp', contextLoader = 'org.springframework.boot.test.context.SpringBootContextLoader', parent = [null]], attributes = map['org.springframework.test.context.web.ServletTestExecutionListener.activateListener' -> true]], class annotated with @DirtiesContext [false] with mode [null].
21:13:18.436 [Test worker] DEBUG org.springframework.test.annotation.ProfileValueUtils - Retrieved @ProfileValueSourceConfiguration [null] for test class [com.ypmai.blog.BlogApplicationTests]
21:13:18.436 [Test worker] DEBUG org.springframework.test.annotation.ProfileValueUtils - Retrieved ProfileValueSource type [class org.springframework.test.annotation.SystemProfileValueSource] for class [com.ypmai.blog.BlogApplicationTests]
21:13:18.468 [Test worker] DEBUG org.springframework.test.context.support.TestPropertySourceUtils - Adding inlined properties to environment: {spring.jmx.enabled=false, org.springframework.boot.test.context.SpringBootTestContextBootstrapper=true, server.port=-1}

  .   ____          _            __ _ _
 /\\ / ___'_ __ _ _(_)_ __  __ _ \ \ \ \
( ( )\___ | '_ | '_| | '_ \/ _` | \ \ \ \
 \\/  ___)| |_)| | | | | || (_| |  ) ) ) )
  '  |____| .__|_| |_|_| |_\__, | / / / /
 =========|_|==============|___/=/_/_/_/
 :: Spring Boot ::        (v2.1.1.RELEASE)

2018-12-24 21:13:18.796  INFO 3800 --- [    Test worker] com.ypmai.blog.BlogApplicationTests      : Starting BlogApplicationTests on MY with PID 3800 (started by 18205 in F:\Projects\IdeaProjects\blog)
2018-12-24 21:13:18.796  INFO 3800 --- [    Test worker] com.ypmai.blog.BlogApplicationTests      : No active profile set, falling back to default profiles: default
2018-12-24 21:13:21.046  INFO 3800 --- [    Test worker] o.s.s.concurrent.ThreadPoolTaskExecutor  : Initializing ExecutorService 'applicationTaskExecutor'
2018-12-24 21:13:21.311  WARN 3800 --- [    Test worker] org.thymeleaf.templatemode.TemplateMode  : [THYMELEAF][Test worker] Template Mode 'HTML5' is deprecated. Using Template Mode 'HTML' instead.
2018-12-24 21:13:21.608  INFO 3800 --- [    Test worker] com.ypmai.blog.BlogApplicationTests      : Started BlogApplicationTests in 3.14 seconds (JVM running for 5.015)
]]></system-out>
  <system-err><![CDATA[]]></system-err>
</testsuite>
